生成启动时间为 2016/10/23 17:07:22。
     1>项目“C:\Users\Maicius\Documents\Visual Studio 2012\Projects\BOOST_MUTEX\BOOST_MUTEX\BOOST_MUTEX.vcxproj”在节点 2 上(Build 个目标)。
     1>ClCompile:
         E:\VisualStudio2012\VC\bin\CL.exe /c /I"E:\AA实验室\SDK\boost_1_56_0" /I"E:\AA实验室\SDK\OpenGL\include" /I"E:\AA实验室\SDK\glm" /ZI /nologo /W3 /WX- /Od /Oy- /D WIN32 /D _DEBUG /D _CONSOLE /D _UNICODE /D UNICODE /Gm /EHsc /RTC1 /MDd /GS /fp:precise /Zc:wchar_t /Zc:forScope /Fo"Debug\\" /Fd"Debug\vc110.pdb" /Gd /TP /analyze- /errorReport:prompt main.cpp
         main.cpp
     1>c:\program files (x86)\windows kits\8.0\include\shared\minwindef.h(130): warning C4005: “APIENTRY”: 宏重定义
                 e:\aa实验室\sdk\opengl\include\glfw\glfw3.h(98) : 参见“APIENTRY”的前一个定义
     1>c:\users\maicius\documents\visual studio 2012\projects\boost_mutex\boost_mutex\main.cpp(74): warning C4244: “=”: 从“float”转换到“int”，可能丢失数据
     1>c:\users\maicius\documents\visual studio 2012\projects\boost_mutex\boost_mutex\main.cpp(98): warning C4244: “=”: 从“int”转换到“float”，可能丢失数据
     1>c:\users\maicius\documents\visual studio 2012\projects\boost_mutex\boost_mutex\main.cpp(124): warning C4244: “=”: 从“double”转换到“float”，可能丢失数据
     1>c:\users\maicius\documents\visual studio 2012\projects\boost_mutex\boost_mutex\main.cpp(125): warning C4244: “=”: 从“double”转换到“float”，可能丢失数据
     1>c:\users\maicius\documents\visual studio 2012\projects\boost_mutex\boost_mutex\main.cpp(129): warning C4244: “=”: 从“double”转换到“float”，可能丢失数据
     1>c:\users\maicius\documents\visual studio 2012\projects\boost_mutex\boost_mutex\main.cpp(130): warning C4244: “=”: 从“double”转换到“float”，可能丢失数据
     1>c:\users\maicius\documents\visual studio 2012\projects\boost_mutex\boost_mutex\main.cpp(132): warning C4244: “=”: 从“double”转换到“float”，可能丢失数据
     1>c:\users\maicius\documents\visual studio 2012\projects\boost_mutex\boost_mutex\main.cpp(133): warning C4244: “=”: 从“double”转换到“float”，可能丢失数据
       Link:
         E:\VisualStudio2012\VC\bin\link.exe /ERRORREPORT:PROMPT /OUT:"C:\Users\Maicius\Documents\Visual Studio 2012\Projects\BOOST_MUTEX\Debug\BOOST_MUTEX.exe" /INCREMENTAL /NOLOGO glfw3.lib glew32.lib kernel32.lib user32.lib gdi32.lib winspool.lib comdlg32.lib advapi32.lib shell32.lib ole32.lib oleaut32.lib uuid.lib odbc32.lib odbccp32.lib /MANIFEST /MANIFESTUAC:"level='asInvoker' uiAccess='false'" /manifest:embed /DEBUG /PDB:"C:\Users\Maicius\Documents\Visual Studio 2012\Projects\BOOST_MUTEX\Debug\BOOST_MUTEX.pdb" /SUBSYSTEM:CONSOLE /TLBID:1 /DYNAMICBASE /NXCOMPAT /IMPLIB:"C:\Users\Maicius\Documents\Visual Studio 2012\Projects\BOOST_MUTEX\Debug\BOOST_MUTEX.lib" /MACHINE:X86 Debug\drawWindow.obj
         Debug\main.obj
         Debug\Shader.obj
     1>LINK : warning LNK4098: 默认库“MSVCRT”与其他库的使用冲突；请使用 /NODEFAULTLIB:library
         BOOST_MUTEX.vcxproj -> C:\Users\Maicius\Documents\Visual Studio 2012\Projects\BOOST_MUTEX\Debug\BOOST_MUTEX.exe
     1>已完成生成项目“C:\Users\Maicius\Documents\Visual Studio 2012\Projects\BOOST_MUTEX\BOOST_MUTEX\BOOST_MUTEX.vcxproj”(Build 个目标)的操作。

生成成功。

已用时间 00:00:08.13
