生成启动时间为 2015/8/3 11:19:42。
     1>项目“C:\Users\pq\Desktop\程序测试留档\采集--dshow\dshow\dshow配置1\direct+10.21+√\direct\direct.vcxproj”在节点 2 上(build 个目标)。
     1>InitializeBuildStatus:
         正在创建“Debug\direct.unsuccessfulbuild”，因为已指定“AlwaysCreate”。
       ClCompile:
         所有输出均为最新。
         C:\Program Files (x86)\Microsoft Visual Studio 10.0\VC\bin\CL.exe /c /ZI /nologo /W3 /WX- /Od /Oy- /D WIN32 /D _DEBUG /D _CONSOLE /D _UNICODE /D UNICODE /Gm /EHsc /RTC1 /MDd /GS /fp:precise /Zc:wchar_t /Zc:forScope /Yu"StdAfx.h" /Fp"Debug\direct.pch" /Fo"Debug\\" /Fd"Debug\vc100.pdb" /Gd /TP /analyze- /errorReport:prompt direct.cpp
         direct.cpp
     1>c:\program files (x86)\microsoft visual studio 10.0\vc\include\cstdio(48): warning C4995: “gets”: 名称被标记为 #pragma deprecated
     1>c:\program files (x86)\microsoft visual studio 10.0\vc\include\cstdio(52): warning C4995: “sprintf”: 名称被标记为 #pragma deprecated
     1>c:\program files (x86)\microsoft visual studio 10.0\vc\include\cstdio(55): warning C4995: “vsprintf”: 名称被标记为 #pragma deprecated
     1>c:\program files (x86)\microsoft visual studio 10.0\vc\include\cstring(21): warning C4995: “strcat”: 名称被标记为 #pragma deprecated
     1>c:\program files (x86)\microsoft visual studio 10.0\vc\include\cstring(22): warning C4995: “strcpy”: 名称被标记为 #pragma deprecated
     1>c:\program files (x86)\microsoft visual studio 10.0\vc\include\cwchar(30): warning C4995: “swprintf”: 名称被标记为 #pragma deprecated
     1>c:\program files (x86)\microsoft visual studio 10.0\vc\include\cwchar(31): warning C4995: “vswprintf”: 名称被标记为 #pragma deprecated
     1>c:\program files (x86)\microsoft visual studio 10.0\vc\include\cwchar(33): warning C4995: “wcscat”: 名称被标记为 #pragma deprecated
     1>c:\program files (x86)\microsoft visual studio 10.0\vc\include\cwchar(35): warning C4995: “wcscpy”: 名称被标记为 #pragma deprecated
     1>c:\program files (x86)\microsoft visual studio 10.0\vc\include\intrin.h(1087): warning C4995: “wcscat”: 名称被标记为 #pragma deprecated
     1>c:\program files (x86)\microsoft visual studio 10.0\vc\include\intrin.h(1089): warning C4995: “wcscpy”: 名称被标记为 #pragma deprecated
     1>c:\program files (x86)\microsoft visual studio 10.0\vc\include\string(757): warning C4995: “swprintf”: 名称被标记为 #pragma deprecated
     1>c:\program files (x86)\microsoft visual studio 10.0\vc\include\string(766): warning C4995: “swprintf”: 名称被标记为 #pragma deprecated
     1>c:\program files (x86)\microsoft visual studio 10.0\vc\include\string(775): warning C4995: “swprintf”: 名称被标记为 #pragma deprecated
     1>c:\users\pq\desktop\opencv\build\include\opencv2\flann\saving.h(90): warning C4995: “strcpy”: 名称被标记为 #pragma deprecated
     1>c:\users\pq\desktop\opencv\build\include\opencv2\flann\saving.h(92): warning C4995: “strcpy”: 名称被标记为 #pragma deprecated
     1>c:\users\pq\desktop\opencv\build\include\opencv2\flann\logger.h(66): warning C4996: 'fopen': This function or variable may be unsafe. Consider using fopen_s instead. To disable deprecation, use _CRT_SECURE_NO_WARNINGS. See online help for details.
                 c:\program files (x86)\microsoft visual studio 10.0\vc\include\stdio.h(234) : 参见“fopen”的声明
     1>c:\users\pq\desktop\opencv\build\include\opencv2\legacy\blobtrack.hpp(187): warning C4995: “strcpy”: 名称被标记为 #pragma deprecated
     1>c:\users\pq\desktop\opencv\build\include\opencv2\legacy\blobtrack.hpp(256): warning C4995: “strcat”: 名称被标记为 #pragma deprecated
     1>c:\users\pq\desktop\opencv\build\include\opencv2\legacy\blobtrack.hpp(187): warning C4996: 'strcpy': This function or variable may be unsafe. Consider using strcpy_s instead. To disable deprecation, use _CRT_SECURE_NO_WARNINGS. See online help for details.
                 c:\program files (x86)\microsoft visual studio 10.0\vc\include\string.h(105) : 参见“strcpy”的声明
     1>c:\users\pq\desktop\opencv\build\include\opencv2\legacy\blobtrack.hpp(256): warning C4996: 'strcat': This function or variable may be unsafe. Consider using strcat_s instead. To disable deprecation, use _CRT_SECURE_NO_WARNINGS. See online help for details.
                 c:\program files (x86)\microsoft visual studio 10.0\vc\include\string.h(110) : 参见“strcat”的声明
       ManifestResourceCompile:
         所有输出均为最新。
       Link:
         C:\Program Files (x86)\Microsoft Visual Studio 10.0\VC\bin\link.exe /ERRORREPORT:PROMPT /OUT:"C:\Users\pq\Desktop\程序测试留档\采集--dshow\dshow\dshow配置1\direct+10.21+√\Debug\direct.exe" /INCREMENTAL /NOLOGO opencv_ml248d.lib opencv_calib3d248d.lib opencv_contrib248d.lib opencv_core248d.lib opencv_features2d248d.lib opencv_flann248d.lib opencv_gpu248d.lib opencv_highgui248d.lib opencv_imgproc248d.lib opencv_legacy248d.lib opencv_objdetect248d.lib opencv_ts248d.lib opencv_video248d.lib opencv_nonfree248d.lib opencv_ocl248d.lib opencv_photo248d.lib opencv_stitching248d.lib opencv_superres248d.lib opencv_videostab248d.lib opencv_objdetect248.lib opencv_ts248.lib opencv_video248.lib opencv_nonfree248.lib opencv_ocl248.lib opencv_photo248.lib opencv_stitching248.lib opencv_superres248.lib opencv_videostab248.lib opencv_calib3d248.lib opencv_contrib248.lib opencv_core248.lib opencv_features2d248.lib opencv_flann248.lib opencv_gpu248.lib opencv_highgui248.lib opencv_imgproc248.lib opencv_legacy248.lib opencv_ml248.lib kernel32.lib user32.lib gdi32.lib winspool.lib comdlg32.lib advapi32.lib shell32.lib ole32.lib oleaut32.lib uuid.lib odbc32.lib odbccp32.lib /MANIFEST /ManifestFile:"Debug\direct.exe.intermediate.manifest" /MANIFESTUAC:"level='asInvoker' uiAccess='false'" /DEBUG /PDB:"C:\Users\pq\Desktop\程序测试留档\采集--dshow\dshow\dshow配置1\direct+10.21+√\Debug\direct.pdb" /SUBSYSTEM:CONSOLE /TLBID:1 /DYNAMICBASE /NXCOMPAT /IMPLIB:"C:\Users\pq\Desktop\程序测试留档\采集--dshow\dshow\dshow配置1\direct+10.21+√\Debug\direct.lib" /MACHINE:X86 Debug\direct.exe.embed.manifest.res
         Debug\CameraDS.obj
         Debug\direct.obj
         Debug\stdafx.obj
       Manifest:
         C:\Program Files (x86)\Microsoft SDKs\Windows\v7.0A\bin\mt.exe /nologo /verbose /out:"Debug\direct.exe.embed.manifest" /manifest Debug\direct.exe.intermediate.manifest
         所有输出均为最新。
       LinkEmbedManifest:
         所有输出均为最新。
         direct.vcxproj -> C:\Users\pq\Desktop\程序测试留档\采集--dshow\dshow\dshow配置1\direct+10.21+√\Debug\direct.exe
       FinalizeBuildStatus:
         正在删除文件“Debug\direct.unsuccessfulbuild”。
         正在对“Debug\direct.lastbuildstate”执行 Touch 任务。
     1>已完成生成项目“C:\Users\pq\Desktop\程序测试留档\采集--dshow\dshow\dshow配置1\direct+10.21+√\direct\direct.vcxproj”(build 个目标)的操作。

生成成功。

已用时间 00:00:03.19
