生成启动时间为 2016/12/2 20:21:18。
     1>项目“C:\Users\Maicius\Documents\Visual Studio 2012\Projects\BOOST_MUTEX\Project1\Project1.vcxproj”在节点 2 上(Build 个目标)。
     1>ClCompile:
         E:\VisualStudio2012\VC\bin\CL.exe /c /I"E:\AA实验室\SDK\OpenGL\include" /I"E:\AA实验室\SDK\boost_1_56_0" /I"E:\AA实验室\SDK\glm" /ZI /nologo /W3 /WX- /Od /Oy- /D _MBCS /Gm /EHsc /RTC1 /MDd /GS /fp:precise /Zc:wchar_t /Zc:forScope /Fo"Debug\\" /Fd"Debug\vc110.pdb" /Gd /TP /analyze- /errorReport:prompt main.cpp
         main.cpp
     1>c:\program files (x86)\windows kits\8.0\include\shared\minwindef.h(130): warning C4005: “APIENTRY”: 宏重定义
                 e:\aa实验室\sdk\opengl\include\glfw\glfw3.h(98) : 参见“APIENTRY”的前一个定义
     1>c:\users\maicius\documents\visual studio 2012\projects\boost_mutex\project1\main.cpp(74): warning C4244: “=”: 从“float”转换到“int”，可能丢失数据
     1>c:\users\maicius\documents\visual studio 2012\projects\boost_mutex\project1\main.cpp(98): warning C4244: “=”: 从“int”转换到“float”，可能丢失数据
     1>c:\users\maicius\documents\visual studio 2012\projects\boost_mutex\project1\main.cpp(117): warning C4244: “=”: 从“double”转换到“float”，可能丢失数据
     1>c:\users\maicius\documents\visual studio 2012\projects\boost_mutex\project1\main.cpp(118): warning C4244: “=”: 从“double”转换到“float”，可能丢失数据
     1>c:\users\maicius\documents\visual studio 2012\projects\boost_mutex\project1\main.cpp(122): warning C4244: “=”: 从“double”转换到“float”，可能丢失数据
     1>c:\users\maicius\documents\visual studio 2012\projects\boost_mutex\project1\main.cpp(123): warning C4244: “=”: 从“double”转换到“float”，可能丢失数据
     1>c:\users\maicius\documents\visual studio 2012\projects\boost_mutex\project1\main.cpp(125): warning C4244: “=”: 从“double”转换到“float”，可能丢失数据
     1>c:\users\maicius\documents\visual studio 2012\projects\boost_mutex\project1\main.cpp(126): warning C4244: “=”: 从“double”转换到“float”，可能丢失数据
       Link:
         E:\VisualStudio2012\VC\bin\link.exe /ERRORREPORT:PROMPT /OUT:"C:\Users\Maicius\Documents\Visual Studio 2012\Projects\BOOST_MUTEX\Debug\Project1.exe" /INCREMENTAL /NOLOGO glfw3.lib glew32.lib kernel32.lib user32.lib gdi32.lib winspool.lib comdlg32.lib advapi32.lib shell32.lib ole32.lib oleaut32.lib uuid.lib odbc32.lib odbccp32.lib /MANIFEST /MANIFESTUAC:"level='asInvoker' uiAccess='false'" /manifest:embed /DEBUG /PDB:"C:\Users\Maicius\Documents\Visual Studio 2012\Projects\BOOST_MUTEX\Debug\Project1.pdb" /TLBID:1 /DYNAMICBASE /NXCOMPAT /IMPLIB:"C:\Users\Maicius\Documents\Visual Studio 2012\Projects\BOOST_MUTEX\Debug\Project1.lib" /MACHINE:X86 Debug\drawWindow.obj
         Debug\main.obj
         Debug\test.obj
         Project1.vcxproj -> C:\Users\Maicius\Documents\Visual Studio 2012\Projects\BOOST_MUTEX\Debug\Project1.exe
     1>已完成生成项目“C:\Users\Maicius\Documents\Visual Studio 2012\Projects\BOOST_MUTEX\Project1\Project1.vcxproj”(Build 个目标)的操作。

生成成功。

已用时间 00:00:06.01
