C:\USERS\MAICIUS\DOCUMENTS\VISUAL STUDIO 2012\PROJECTS\GCHOMEWORK3\GCHOMEWORK3\DEBUG\ANIMATIONGEAR.OBJ
C:\USERS\MAICIUS\DOCUMENTS\VISUAL STUDIO 2012\PROJECTS\GCHOMEWORK3\GCHOMEWORK3\DEBUG\PLANET.OBJ
C:\USERS\MAICIUS\DOCUMENTS\VISUAL STUDIO 2012\PROJECTS\GCHOMEWORK3\GCHOMEWORK3\DEBUG\VC110.PDB
C:\USERS\MAICIUS\DOCUMENTS\VISUAL STUDIO 2012\PROJECTS\GCHOMEWORK3\GCHOMEWORK3\DEBUG\TRACKBALLCOLORCUBE.OBJ
C:\USERS\MAICIUS\DOCUMENTS\VISUAL STUDIO 2012\PROJECTS\GCHOMEWORK3\GCHOMEWORK3\DEBUG\GASKET3.OBJ
c:\Users\Maicius\documents\visual studio 2012\Projects\GChomework3\GChomework3\Debug\AnimationGear.obj
c:\Users\Maicius\documents\visual studio 2012\Projects\GChomework3\GChomework3\Debug\gasket3.obj
c:\Users\Maicius\documents\visual studio 2012\Projects\GChomework3\GChomework3\Debug\planet.obj
c:\Users\Maicius\documents\visual studio 2012\Projects\GChomework3\GChomework3\Debug\trackballColorcube.obj
c:\Users\Maicius\documents\visual studio 2012\Projects\GChomework3\GChomework3\Debug\cl.command.1.tlog
c:\Users\Maicius\documents\visual studio 2012\Projects\GChomework3\GChomework3\Debug\CL.read.1.tlog
c:\Users\Maicius\documents\visual studio 2012\Projects\GChomework3\GChomework3\Debug\CL.write.1.tlog
c:\Users\Maicius\documents\visual studio 2012\Projects\GChomework3\GChomework3\Debug\link-cvtres.read.1.tlog
c:\Users\Maicius\documents\visual studio 2012\Projects\GChomework3\GChomework3\Debug\link-cvtres.write.1.tlog
c:\Users\Maicius\documents\visual studio 2012\Projects\GChomework3\GChomework3\Debug\link-rc.read.1.tlog
c:\Users\Maicius\documents\visual studio 2012\Projects\GChomework3\GChomework3\Debug\link-rc.write.1.tlog
c:\Users\Maicius\documents\visual studio 2012\Projects\GChomework3\GChomework3\Debug\link.1300.read.1.tlog
c:\Users\Maicius\documents\visual studio 2012\Projects\GChomework3\GChomework3\Debug\link.1300.write.1.tlog
c:\Users\Maicius\documents\visual studio 2012\Projects\GChomework3\GChomework3\Debug\link.17556-cvtres.read.1.tlog
c:\Users\Maicius\documents\visual studio 2012\Projects\GChomework3\GChomework3\Debug\link.17556-cvtres.write.1.tlog
c:\Users\Maicius\documents\visual studio 2012\Projects\GChomework3\GChomework3\Debug\link.17556-rc.read.1.tlog
c:\Users\Maicius\documents\visual studio 2012\Projects\GChomework3\GChomework3\Debug\link.17556-rc.write.1.tlog
c:\Users\Maicius\documents\visual studio 2012\Projects\GChomework3\GChomework3\Debug\link.17556.read.1.tlog
c:\Users\Maicius\documents\visual studio 2012\Projects\GChomework3\GChomework3\Debug\link.17556.write.1.tlog
c:\Users\Maicius\documents\visual studio 2012\Projects\GChomework3\GChomework3\Debug\link.17792-cvtres.read.1.tlog
c:\Users\Maicius\documents\visual studio 2012\Projects\GChomework3\GChomework3\Debug\link.17792-cvtres.write.1.tlog
c:\Users\Maicius\documents\visual studio 2012\Projects\GChomework3\GChomework3\Debug\link.17792-rc.read.1.tlog
c:\Users\Maicius\documents\visual studio 2012\Projects\GChomework3\GChomework3\Debug\link.17792-rc.write.1.tlog
c:\Users\Maicius\documents\visual studio 2012\Projects\GChomework3\GChomework3\Debug\link.17792.read.1.tlog
c:\Users\Maicius\documents\visual studio 2012\Projects\GChomework3\GChomework3\Debug\link.17792.write.1.tlog
c:\Users\Maicius\documents\visual studio 2012\Projects\GChomework3\GChomework3\Debug\link.19624-cvtres.read.1.tlog
c:\Users\Maicius\documents\visual studio 2012\Projects\GChomework3\GChomework3\Debug\link.19624-cvtres.write.1.tlog
c:\Users\Maicius\documents\visual studio 2012\Projects\GChomework3\GChomework3\Debug\link.19624-rc.read.1.tlog
c:\Users\Maicius\documents\visual studio 2012\Projects\GChomework3\GChomework3\Debug\link.19624-rc.write.1.tlog
c:\Users\Maicius\documents\visual studio 2012\Projects\GChomework3\GChomework3\Debug\link.19624.read.1.tlog
c:\Users\Maicius\documents\visual studio 2012\Projects\GChomework3\GChomework3\Debug\link.19624.write.1.tlog
c:\Users\Maicius\documents\visual studio 2012\Projects\GChomework3\GChomework3\Debug\link.21288-cvtres.read.1.tlog
c:\Users\Maicius\documents\visual studio 2012\Projects\GChomework3\GChomework3\Debug\link.21288-cvtres.write.1.tlog
c:\Users\Maicius\documents\visual studio 2012\Projects\GChomework3\GChomework3\Debug\link.21288-rc.read.1.tlog
c:\Users\Maicius\documents\visual studio 2012\Projects\GChomework3\GChomework3\Debug\link.21288-rc.write.1.tlog
c:\Users\Maicius\documents\visual studio 2012\Projects\GChomework3\GChomework3\Debug\link.21288.read.1.tlog
c:\Users\Maicius\documents\visual studio 2012\Projects\GChomework3\GChomework3\Debug\link.21288.write.1.tlog
c:\Users\Maicius\documents\visual studio 2012\Projects\GChomework3\GChomework3\Debug\link.command.1.tlog
c:\Users\Maicius\documents\visual studio 2012\Projects\GChomework3\GChomework3\Debug\link.read.1.tlog
c:\Users\Maicius\documents\visual studio 2012\Projects\GChomework3\GChomework3\Debug\link.write.1.tlog
c:\Users\Maicius\documents\visual studio 2012\Projects\GChomework3\GChomework3\Debug\vc110.idb
c:\Users\Maicius\documents\visual studio 2012\Projects\GChomework3\GChomework3\Debug\vc110.pdb
c:\users\maicius\documents\visual studio 2012\Projects\GChomework3\Debug\GChomework3.pdb
